Fri, 06 Jul 2018 14:56:15 GMT: 200 GET /
Fri, 06 Jul 2018 14:56:17 GMT: 200 GET /server.html
Fri, 06 Jul 2018 14:56:18 GMT: 200 GET /Index.html
Fri, 06 Jul 2018 14:56:19 GMT: 200 GET /random.html
Fri, 06 Jul 2018 14:56:20 GMT: 200 GET /Index.html
Fri, 06 Jul 2018 14:56:21 GMT: 200 GET /about.html
Fri, 06 Jul 2018 14:56:38 GMT: 200 GET /Index.html
Fri, 06 Jul 2018 14:56:39 GMT: 200 GET /about.html
Fri, 06 Jul 2018 14:56:39 GMT: 200 GET /Index.html
Fri, 06 Jul 2018 14:56:40 GMT: 200 GET /server.html
Fri, 06 Jul 2018 14:56:41 GMT: 200 GET /Index.html
Fri, 06 Jul 2018 14:56:41 GMT: 200 GET /random.html
Mon, 09 Jul 2018 10:51:36 GMT: 200 GET /
Mon, 09 Jul 2018 10:51:36 GMT: 200 GET /favicon.ico
Mon, 09 Jul 2018 10:51:36 GMT: 200 GET /favicon.ico
Mon, 09 Jul 2018 10:51:47 GMT: 200 GET /
Mon, 09 Jul 2018 10:51:47 GMT: 200 GET /favicon.ico
Mon, 09 Jul 2018 10:51:49 GMT: 200 GET /
Mon, 09 Jul 2018 10:51:49 GMT: 200 GET /
Mon, 09 Jul 2018 10:51:50 GMT: 200 GET /favicon.ico
Mon, 09 Jul 2018 10:51:50 GMT: 200 GET /
Mon, 09 Jul 2018 10:51:54 GMT: 200 GET /random.html
Mon, 09 Jul 2018 10:51:55 GMT: 200 GET /favicon.ico
Mon, 09 Jul 2018 10:59:21 GMT: 200 GET /
Mon, 09 Jul 2018 10:59:22 GMT: 200 GET /favicon.ico
Mon, 09 Jul 2018 10:59:22 GMT: 200 GET /favicon.ico
Mon, 09 Jul 2018 12:49:06 GMT: 200 GET /
Mon, 09 Jul 2018 12:49:07 GMT: 200 GET /
Mon, 09 Jul 2018 12:49:10 GMT: 200 GET /random.html
Mon, 09 Jul 2018 12:50:59 GMT: 200 GET /random.html
Mon, 09 Jul 2018 12:50:59 GMT: 200 GET /favicon.ico
Mon, 09 Jul 2018 12:50:59 GMT: 200 GET /favicon.ico
Mon, 09 Jul 2018 12:52:54 GMT: 200 GET /random.html
Mon, 09 Jul 2018 12:52:54 GMT: 200 GET /favicon.ico
Mon, 09 Jul 2018 12:52:54 GMT: 200 GET /favicon.ico
Mon, 09 Jul 2018 12:53:01 GMT: 200 GET /random.html
Mon, 09 Jul 2018 12:53:01 GMT: 200 GET /favicon.ico
Mon, 09 Jul 2018 12:53:01 GMT: 200 GET /favicon.ico
Mon, 09 Jul 2018 12:53:02 GMT: 200 GET /random.html
Mon, 09 Jul 2018 12:53:02 GMT: 200 GET /favicon.ico
Mon, 09 Jul 2018 12:53:02 GMT: 200 GET /favicon.ico
Mon, 09 Jul 2018 12:56:21 GMT: 200 GET /random.html
Mon, 09 Jul 2018 12:56:22 GMT: 200 GET /favicon.ico
Mon, 09 Jul 2018 12:56:22 GMT: 200 GET /favicon.ico
Mon, 09 Jul 2018 13:01:58 GMT: 200 GET /random.html
Mon, 09 Jul 2018 13:01:59 GMT: 200 GET /favicon.ico
Mon, 09 Jul 2018 13:01:59 GMT: 200 GET /favicon.ico
Mon, 09 Jul 2018 13:03:51 GMT: 200 GET /random.html
Mon, 09 Jul 2018 13:03:51 GMT: 200 GET /Styles/style.css
Mon, 09 Jul 2018 13:03:51 GMT: 200 GET /favicon.ico
Mon, 09 Jul 2018 13:03:51 GMT: 200 GET /favicon.ico
Mon, 09 Jul 2018 13:04:11 GMT: 200 GET /random.html
Mon, 09 Jul 2018 13:04:11 GMT: 200 GET /Styles/style.css
Mon, 09 Jul 2018 13:04:12 GMT: 200 GET /favicon.ico
Mon, 09 Jul 2018 13:04:12 GMT: 200 GET /favicon.ico
Mon, 09 Jul 2018 13:04:18 GMT: 200 GET /random.html
Mon, 09 Jul 2018 13:04:18 GMT: 200 GET /Styles/style.css
Mon, 09 Jul 2018 13:04:19 GMT: 200 GET /favicon.ico
Mon, 09 Jul 2018 13:04:19 GMT: 200 GET /random.html
Mon, 09 Jul 2018 13:04:19 GMT: 200 GET /favicon.ico
Mon, 09 Jul 2018 13:04:19 GMT: 200 GET /Styles/style.css
Mon, 09 Jul 2018 13:04:19 GMT: 200 GET /random.html
Mon, 09 Jul 2018 13:04:19 GMT: 200 GET /Styles/style.css
Mon, 09 Jul 2018 13:04:19 GMT: 200 GET /favicon.ico
Mon, 09 Jul 2018 13:04:19 GMT: 200 GET /favicon.ico
Mon, 09 Jul 2018 13:04:19 GMT: 200 GET /random.html
Mon, 09 Jul 2018 13:04:19 GMT: 200 GET /Styles/style.css
Mon, 09 Jul 2018 13:04:19 GMT: 200 GET /random.html
Mon, 09 Jul 2018 13:04:19 GMT: 200 GET /Styles/style.css
Mon, 09 Jul 2018 13:04:19 GMT: 200 GET /favicon.ico
Mon, 09 Jul 2018 13:04:19 GMT: 200 GET /favicon.ico
Mon, 09 Jul 2018 13:04:41 GMT: 200 GET /random.html
Mon, 09 Jul 2018 13:04:41 GMT: 200 GET /Styles/style.css
Mon, 09 Jul 2018 13:04:41 GMT: 200 GET /favicon.ico
Mon, 09 Jul 2018 13:04:41 GMT: 200 GET /favicon.ico
Mon, 09 Jul 2018 13:04:42 GMT: 200 GET /random.html
Mon, 09 Jul 2018 13:04:42 GMT: 200 GET /Styles/style.css
Mon, 09 Jul 2018 13:04:42 GMT: 200 GET /favicon.ico
Mon, 09 Jul 2018 13:04:42 GMT: 200 GET /favicon.ico
Mon, 09 Jul 2018 13:04:42 GMT: 200 GET /random.html
Mon, 09 Jul 2018 13:04:42 GMT: 200 GET /Styles/style.css
Mon, 09 Jul 2018 13:04:42 GMT: 200 GET /random.html
Mon, 09 Jul 2018 13:04:42 GMT: 200 GET /Styles/style.css
Mon, 09 Jul 2018 13:04:42 GMT: 200 GET /random.html
Mon, 09 Jul 2018 13:04:43 GMT: 200 GET /Styles/style.css
Mon, 09 Jul 2018 13:04:43 GMT: 200 GET /random.html
Mon, 09 Jul 2018 13:04:43 GMT: 200 GET /Styles/style.css
Mon, 09 Jul 2018 13:04:43 GMT: 200 GET /random.html
Mon, 09 Jul 2018 13:04:43 GMT: 200 GET /Styles/style.css
Mon, 09 Jul 2018 13:04:43 GMT: 200 GET /random.html
Mon, 09 Jul 2018 13:04:43 GMT: 200 GET /Styles/style.css
Mon, 09 Jul 2018 13:04:43 GMT: 200 GET /favicon.ico
Mon, 09 Jul 2018 13:04:43 GMT: 200 GET /favicon.ico
Mon, 09 Jul 2018 13:06:52 GMT: 200 GET /random.html
Mon, 09 Jul 2018 13:06:52 GMT: 200 GET /Styles/style.css
Mon, 09 Jul 2018 13:06:53 GMT: 200 GET /favicon.ico
Mon, 09 Jul 2018 13:06:53 GMT: 200 GET /favicon.ico
Mon, 09 Jul 2018 13:06:55 GMT: 200 GET /random.html
Mon, 09 Jul 2018 13:06:55 GMT: 200 GET /Styles/style.css
Mon, 09 Jul 2018 13:06:55 GMT: 200 GET /favicon.ico
Mon, 09 Jul 2018 13:06:55 GMT: 200 GET /favicon.ico
Mon, 09 Jul 2018 13:06:56 GMT: 200 GET /random.html
Mon, 09 Jul 2018 13:06:56 GMT: 200 GET /Styles/style.css
Mon, 09 Jul 2018 13:06:56 GMT: 200 GET /favicon.ico
Mon, 09 Jul 2018 13:06:56 GMT: 200 GET /favicon.ico
Mon, 09 Jul 2018 13:07:15 GMT: 200 GET /random.html
Mon, 09 Jul 2018 13:07:15 GMT: 200 GET /Styles/style.css
Mon, 09 Jul 2018 13:07:15 GMT: 200 GET /favicon.ico
Mon, 09 Jul 2018 13:07:15 GMT: 200 GET /favicon.ico
Mon, 09 Jul 2018 13:07:17 GMT: 200 GET /random.html
Mon, 09 Jul 2018 13:07:17 GMT: 200 GET /Styles/style.css
Mon, 09 Jul 2018 13:07:17 GMT: 200 GET /favicon.ico
Mon, 09 Jul 2018 13:07:17 GMT: 200 GET /favicon.ico
Mon, 09 Jul 2018 13:09:47 GMT: 200 GET /random.html
Mon, 09 Jul 2018 13:09:47 GMT: 200 GET /Styles/style.css
Mon, 09 Jul 2018 13:09:47 GMT: 200 GET /favicon.ico
Mon, 09 Jul 2018 13:09:47 GMT: 200 GET /favicon.ico
Mon, 09 Jul 2018 13:13:37 GMT: 200 GET /random.html
Mon, 09 Jul 2018 13:13:37 GMT: 200 GET /Styles/style.css
Mon, 09 Jul 2018 13:13:37 GMT: 200 GET /favicon.ico
Mon, 09 Jul 2018 13:13:37 GMT: 200 GET /favicon.ico
Mon, 09 Jul 2018 13:14:30 GMT: 200 GET /random.html
Mon, 09 Jul 2018 13:14:30 GMT: 200 GET /Styles/style.css
Mon, 09 Jul 2018 13:14:30 GMT: 200 GET /favicon.ico
Mon, 09 Jul 2018 13:14:30 GMT: 200 GET /favicon.ico
Mon, 09 Jul 2018 13:15:09 GMT: 200 GET /random.html
Mon, 09 Jul 2018 13:15:09 GMT: 200 GET /Styles/style.css
Mon, 09 Jul 2018 13:15:09 GMT: 200 GET /favicon.ico
Mon, 09 Jul 2018 13:15:09 GMT: 200 GET /favicon.ico
Mon, 09 Jul 2018 13:15:11 GMT: 200 GET /random.html
Mon, 09 Jul 2018 13:15:11 GMT: 200 GET /Styles/style.css
Mon, 09 Jul 2018 13:15:11 GMT: 200 GET /favicon.ico
Mon, 09 Jul 2018 13:15:11 GMT: 200 GET /favicon.ico
Mon, 09 Jul 2018 13:15:39 GMT: 200 GET /random.html
Mon, 09 Jul 2018 13:15:39 GMT: 200 GET /Styles/style.css
Mon, 09 Jul 2018 13:15:39 GMT: 200 GET /favicon.ico
Mon, 09 Jul 2018 13:15:39 GMT: 200 GET /favicon.ico
Mon, 09 Jul 2018 13:16:06 GMT: 200 GET /random.html
Mon, 09 Jul 2018 13:16:06 GMT: 200 GET /Styles/style.css
Mon, 09 Jul 2018 13:16:06 GMT: 200 GET /favicon.ico
Mon, 09 Jul 2018 13:16:06 GMT: 200 GET /favicon.ico
Mon, 09 Jul 2018 13:18:47 GMT: 200 GET /random.html
Mon, 09 Jul 2018 13:18:47 GMT: 200 GET /Styles/style.css
Mon, 09 Jul 2018 13:18:47 GMT: 200 GET /favicon.ico
Mon, 09 Jul 2018 13:18:47 GMT: 200 GET /favicon.ico
Mon, 09 Jul 2018 13:19:09 GMT: 200 GET /random.html
Mon, 09 Jul 2018 13:19:09 GMT: 200 GET /Styles/style.css
Mon, 09 Jul 2018 13:19:09 GMT: 200 GET /favicon.ico
Mon, 09 Jul 2018 13:19:09 GMT: 200 GET /favicon.ico
Mon, 09 Jul 2018 13:20:37 GMT: 200 GET /random.html
Mon, 09 Jul 2018 13:20:37 GMT: 200 GET /Styles/style.css
Mon, 09 Jul 2018 13:20:37 GMT: 200 GET /favicon.ico
Mon, 09 Jul 2018 13:20:37 GMT: 200 GET /favicon.ico
Mon, 09 Jul 2018 13:23:47 GMT: 200 GET /random.html
Mon, 09 Jul 2018 13:23:47 GMT: 200 GET /Styles/style.css
Mon, 09 Jul 2018 13:23:47 GMT: 200 GET /favicon.ico
Mon, 09 Jul 2018 13:23:47 GMT: 200 GET /favicon.ico
Mon, 09 Jul 2018 13:25:50 GMT: 200 GET /random.html
Mon, 09 Jul 2018 13:25:50 GMT: 200 GET /Styles/style.css
Mon, 09 Jul 2018 13:25:51 GMT: 200 GET /favicon.ico
Mon, 09 Jul 2018 13:25:51 GMT: 200 GET /favicon.ico
Mon, 09 Jul 2018 13:30:37 GMT: 200 GET /random.html
Mon, 09 Jul 2018 13:30:37 GMT: 200 GET /Styles/style.css
Mon, 09 Jul 2018 13:30:38 GMT: 200 GET /favicon.ico
Mon, 09 Jul 2018 13:30:38 GMT: 200 GET /favicon.ico
Mon, 09 Jul 2018 13:35:57 GMT: 200 GET /random.html
Mon, 09 Jul 2018 13:35:57 GMT: 200 GET /Styles/style.css
Mon, 09 Jul 2018 13:35:57 GMT: 200 GET /favicon.ico
Mon, 09 Jul 2018 13:35:57 GMT: 200 GET /favicon.ico
Mon, 09 Jul 2018 13:36:17 GMT: 200 GET /random.html
Mon, 09 Jul 2018 13:36:17 GMT: 200 GET /Styles/style.css
Mon, 09 Jul 2018 13:36:17 GMT: 200 GET /favicon.ico
Mon, 09 Jul 2018 13:36:17 GMT: 200 GET /favicon.ico
Mon, 09 Jul 2018 13:36:18 GMT: 200 GET /random.html
Mon, 09 Jul 2018 13:36:18 GMT: 200 GET /Styles/style.css
Mon, 09 Jul 2018 13:36:18 GMT: 200 GET /favicon.ico
Mon, 09 Jul 2018 13:36:18 GMT: 200 GET /favicon.ico
Mon, 09 Jul 2018 13:36:20 GMT: 200 GET /random.html
Mon, 09 Jul 2018 13:36:20 GMT: 200 GET /Styles/style.css
Mon, 09 Jul 2018 13:36:20 GMT: 200 GET /favicon.ico
Mon, 09 Jul 2018 13:36:20 GMT: 200 GET /favicon.ico
Mon, 09 Jul 2018 13:36:22 GMT: 200 GET /random.html
Mon, 09 Jul 2018 13:36:22 GMT: 200 GET /Styles/style.css
Mon, 09 Jul 2018 13:36:22 GMT: 200 GET /favicon.ico
Mon, 09 Jul 2018 13:36:22 GMT: 200 GET /favicon.ico
Mon, 09 Jul 2018 13:36:22 GMT: 200 GET /random.html
Mon, 09 Jul 2018 13:36:22 GMT: 200 GET /Styles/style.css
Mon, 09 Jul 2018 13:36:22 GMT: 200 GET /favicon.ico
Mon, 09 Jul 2018 13:36:22 GMT: 200 GET /favicon.ico
Mon, 09 Jul 2018 13:36:23 GMT: 200 GET /random.html
Mon, 09 Jul 2018 13:36:23 GMT: 200 GET /Styles/style.css
Mon, 09 Jul 2018 13:36:23 GMT: 200 GET /favicon.ico
Mon, 09 Jul 2018 13:36:23 GMT: 200 GET /favicon.ico
Mon, 09 Jul 2018 13:37:12 GMT: 200 GET /random.html
Mon, 09 Jul 2018 13:37:12 GMT: 200 GET /Styles/style.css
Mon, 09 Jul 2018 13:37:12 GMT: 200 GET /favicon.ico
Mon, 09 Jul 2018 13:37:12 GMT: 200 GET /favicon.ico
Mon, 09 Jul 2018 13:37:58 GMT: 200 GET /random.html
Mon, 09 Jul 2018 13:37:58 GMT: 200 GET /Styles/style.css
Mon, 09 Jul 2018 13:41:11 GMT: 200 GET /random.html
Mon, 09 Jul 2018 13:41:11 GMT: 200 GET /Styles/style.css
Mon, 09 Jul 2018 13:41:11 GMT: 200 GET /favicon.ico
Mon, 09 Jul 2018 13:41:11 GMT: 200 GET /favicon.ico
Mon, 09 Jul 2018 13:41:23 GMT: 200 GET /random.html
Mon, 09 Jul 2018 13:41:23 GMT: 200 GET /Styles/style.css
Mon, 09 Jul 2018 13:41:23 GMT: 200 GET /favicon.ico
Mon, 09 Jul 2018 13:41:23 GMT: 200 GET /favicon.ico
Mon, 09 Jul 2018 13:41:37 GMT: 200 GET /random.html
Mon, 09 Jul 2018 13:41:37 GMT: 200 GET /Styles/style.css
Mon, 09 Jul 2018 13:41:37 GMT: 200 GET /favicon.ico
Mon, 09 Jul 2018 13:41:37 GMT: 200 GET /favicon.ico
Mon, 09 Jul 2018 13:41:50 GMT: 200 GET /random.html
Mon, 09 Jul 2018 13:41:50 GMT: 200 GET /Styles/style.css
Mon, 09 Jul 2018 13:41:50 GMT: 200 GET /favicon.ico
Mon, 09 Jul 2018 13:41:50 GMT: 200 GET /favicon.ico
Mon, 09 Jul 2018 13:42:03 GMT: 200 GET /random.html
Mon, 09 Jul 2018 13:42:04 GMT: 200 GET /Styles/style.css
Mon, 09 Jul 2018 13:42:04 GMT: 200 GET /favicon.ico
Mon, 09 Jul 2018 13:42:04 GMT: 200 GET /favicon.ico
Mon, 09 Jul 2018 13:43:13 GMT: 200 GET /random.html
Mon, 09 Jul 2018 13:43:13 GMT: 200 GET /Styles/style.css
Mon, 09 Jul 2018 13:43:13 GMT: 200 GET /favicon.ico
Mon, 09 Jul 2018 13:43:13 GMT: 200 GET /favicon.ico
Mon, 09 Jul 2018 13:44:14 GMT: 200 GET /Index.html
Mon, 09 Jul 2018 13:44:20 GMT: 200 GET /random.html
Mon, 09 Jul 2018 13:44:20 GMT: 200 GET /Styles/style.css
Mon, 09 Jul 2018 13:44:25 GMT: 200 GET /Index.html
